 2024/08/20 10:37:19 [error] [exception.CDbException] CDbException: CDbConnection failed to open the DB connection: SQLSTATE[HY000] [2002] php_network_getaddresses: getaddrinfo for db failed: Temporary failure in name resolution in /home/ahmed/Desktop/yii-framework/framework/db/CDbConnection.php:399
Stack trace:
#0 /home/ahmed/Desktop/yii-framework/framework/db/CDbConnection.php(347): CDbConnection->open()
#1 /home/ahmed/Desktop/yii-framework/framework/db/CDbConnection.php(325): CDbConnection->setActive()
#2 /home/ahmed/Desktop/yii-framework/framework/base/CModule.php(394): CDbConnection->init()
#3 /home/ahmed/Desktop/yii-framework/framework/cli/commands/MigrateCommand.php(472): CModule->getComponent()
#4 /home/ahmed/Desktop/yii-framework/framework/cli/commands/MigrateCommand.php(481): MigrateCommand->getDbConnection()
#5 /home/ahmed/Desktop/yii-framework/framework/cli/commands/MigrateCommand.php(512): MigrateCommand->getMigrationHistory()
#6 /home/ahmed/Desktop/yii-framework/framework/cli/commands/MigrateCommand.php(84): MigrateCommand->getNewMigrations()
#7 [internal function]: MigrateCommand->actionUp()
#8 /home/ahmed/Desktop/yii-framework/framework/console/CConsoleCommand.php(177): ReflectionMethod->invokeArgs()
#9 /home/ahmed/Desktop/yii-framework/framework/console/CConsoleCommandRunner.php(71): CConsoleCommand->run()
#10 /home/ahmed/Desktop/yii-framework/framework/console/CConsoleApplication.php(92): CConsoleCommandRunner->run()
#11 /home/ahmed/Desktop/yii-framework/framework/base/CApplication.php(185): CConsoleApplication->processRequest()
#12 /home/ahmed/Desktop/yii-framework/framework/yiic.php(33): CApplication->run()
#13 /home/ahmed/Desktop/yii-framework/testdrive/protected/yiic.php(7): require_once('...')
#14 /home/ahmed/Desktop/yii-framework/testdrive/protected/yiic(4): require_once('...')
#15 {main}
---
2024/08/20 08:39:49 [error] [application] Event Date: CURDATE()
in /var/www/html/testdrive/protected/models/Event.php (24)
in /var/www/html/testdrive/protected/controllers/EventController.php (12)
in /var/www/html/testdrive/index.php (13)
2024/08/20 08:39:49 [error] [application] Event Time: CURTIME()
in /var/www/html/testdrive/protected/models/Event.php (25)
in /var/www/html/testdrive/protected/controllers/EventController.php (12)
in /var/www/html/testdrive/index.php (13)
2024/08/20 08:45:54 [error] [php] include(Post.php): failed to open stream: No such file or directory (/var/www/html/framework/YiiBase.php:463)
Stack trace:
#0 /var/www/html/framework/YiiBase.php(463): include()
#1 unknown(0): autoload()
#2 /var/www/html/testdrive/protected/controllers/EventController.php(38): spl_autoload_call()
#3 /var/www/html/framework/web/actions/CInlineAction.php(49): EventController->actionView()
#4 /var/www/html/framework/web/CController.php(308): CInlineAction->runWithParams()
#5 /var/www/html/framework/web/filters/CFilterChain.php(134): EventController->runAction()
#6 /var/www/html/framework/web/filters/CFilter.php(40): CFilterChain->run()
#7 /var/www/html/framework/web/CController.php(1148): CAccessControlFilter->filter()
#8 /var/www/html/framework/web/filters/CInlineFilter.php(58): EventController->filterAccessControl()
#9 /var/www/html/framework/web/filters/CFilterChain.php(131): CInlineFilter->filter()
#10 /var/www/html/framework/web/CController.php(291): CFilterChain->run()
#11 /var/www/html/framework/web/CController.php(265): EventController->runActionWithFilters()
#12 /var/www/html/framework/web/CWebApplication.php(282): EventController->run()
#13 /var/www/html/framework/web/CWebApplication.php(141): CWebApplication->runController()
#14 /var/www/html/framework/base/CApplication.php(185): CWebApplication->processRequest()
#15 /var/www/html/testdrive/index.php(13): CWebApplication->run()
REQUEST_URI=/testdrive/index.php/event/View
in /var/www/html/testdrive/protected/controllers/EventController.php (38)
in /var/www/html/testdrive/index.php (13)
2024/08/20 08:47:44 [error] [php] include(Post.php): failed to open stream: No such file or directory (/var/www/html/framework/YiiBase.php:463)
Stack trace:
#0 /var/www/html/framework/YiiBase.php(463): include()
#1 unknown(0): autoload()
#2 /var/www/html/testdrive/protected/controllers/EventController.php(39): spl_autoload_call()
#3 /var/www/html/framework/web/actions/CInlineAction.php(49): EventController->actionView()
#4 /var/www/html/framework/web/CController.php(308): CInlineAction->runWithParams()
#5 /var/www/html/framework/web/filters/CFilterChain.php(134): EventController->runAction()
#6 /var/www/html/framework/web/filters/CFilter.php(40): CFilterChain->run()
#7 /var/www/html/framework/web/CController.php(1148): CAccessControlFilter->filter()
#8 /var/www/html/framework/web/filters/CInlineFilter.php(58): EventController->filterAccessControl()
#9 /var/www/html/framework/web/filters/CFilterChain.php(131): CInlineFilter->filter()
#10 /var/www/html/framework/web/CController.php(291): CFilterChain->run()
#11 /var/www/html/framework/web/CController.php(265): EventController->runActionWithFilters()
#12 /var/www/html/framework/web/CWebApplication.php(282): EventController->run()
#13 /var/www/html/framework/web/CWebApplication.php(141): CWebApplication->runController()
#14 /var/www/html/framework/base/CApplication.php(185): CWebApplication->processRequest()
#15 /var/www/html/testdrive/index.php(13): CWebApplication->run()
REQUEST_URI=/testdrive/index.php/event/View
in /var/www/html/testdrive/protected/controllers/EventController.php (39)
in /var/www/html/testdrive/index.php (13)
2024/08/20 08:49:12 [error] [application] Event Date: CURDATE()
in /var/www/html/testdrive/protected/models/Event.php (24)
in /var/www/html/testdrive/protected/controllers/EventController.php (12)
in /var/www/html/testdrive/index.php (13)
2024/08/20 08:49:12 [error] [application] Event Time: CURTIME()
in /var/www/html/testdrive/protected/models/Event.php (25)
in /var/www/html/testdrive/protected/controllers/EventController.php (12)
in /var/www/html/testdrive/index.php (13)
2024/08/20 08:49:20 [error] [application] Event Date: CURDATE()
in /var/www/html/testdrive/protected/models/Event.php (24)
in /var/www/html/testdrive/protected/controllers/EventController.php (12)
in /var/www/html/testdrive/index.php (13)
2024/08/20 08:49:20 [error] [application] Event Time: CURTIME()
in /var/www/html/testdrive/protected/models/Event.php (25)
in /var/www/html/testdrive/protected/controllers/EventController.php (12)
in /var/www/html/testdrive/index.php (13)
2024/08/20 09:15:04 [error] [application] Event Date: CURDATE()
in /var/www/html/testdrive/protected/models/Event.php (24)
in /var/www/html/testdrive/protected/controllers/EventController.php (12)
in /var/www/html/testdrive/index.php (13)
2024/08/20 09:15:04 [error] [application] Event Time: CURTIME()
in /var/www/html/testdrive/protected/models/Event.php (25)
in /var/www/html/testdrive/protected/controllers/EventController.php (12)
in /var/www/html/testdrive/index.php (13)
2024/08/20 09:15:50 [error] [exception.CHttpException.404] CHttpException: The system is unable to find the requested action "posts". in /var/www/html/framework/web/CController.php:486
Stack trace:
#0 /var/www/html/framework/web/CController.php(270): CController->missingAction('posts')
#1 /var/www/html/framework/web/CWebApplication.php(282): CController->run('posts')
#2 /var/www/html/framework/web/CWebApplication.php(141): CWebApplication->runController('api/posts')
#3 /var/www/html/framework/base/CApplication.php(185): CWebApplication->processRequest()
#4 /var/www/html/testdrive/index.php(13): CApplication->run()
#5 {main}
REQUEST_URI=/testdrive/index.php/api/posts
---
2024/08/20 09:20:02 [error] [exception.CHttpException.404] CHttpException: The system is unable to find the requested action "posts". in /var/www/html/framework/web/CController.php:486
Stack trace:
#0 /var/www/html/framework/web/CController.php(270): CController->missingAction('posts')
#1 /var/www/html/framework/web/CWebApplication.php(282): CController->run('posts')
#2 /var/www/html/framework/web/CWebApplication.php(141): CWebApplication->runController('api/posts')
#3 /var/www/html/framework/base/CApplication.php(185): CWebApplication->processRequest()
#4 /var/www/html/testdrive/index.php(13): CApplication->run()
#5 {main}
REQUEST_URI=/testdrive/index.php/api/posts
---
2024/08/20 09:20:17 [error] [php] include(Post.php): failed to open stream: No such file or directory (/var/www/html/framework/YiiBase.php:463)
Stack trace:
#0 /var/www/html/framework/YiiBase.php(463): include()
#1 unknown(0): autoload()
#2 /var/www/html/testdrive/protected/controllers/ApiController.php(16): spl_autoload_call()
#3 /var/www/html/framework/web/actions/CInlineAction.php(49): ApiController->actionGetPosts()
#4 /var/www/html/framework/web/CController.php(308): CInlineAction->runWithParams()
#5 /var/www/html/framework/web/CController.php(286): ApiController->runAction()
#6 /var/www/html/framework/web/CController.php(265): ApiController->runActionWithFilters()
#7 /var/www/html/framework/web/CWebApplication.php(282): ApiController->run()
#8 /var/www/html/framework/web/CWebApplication.php(141): CWebApplication->runController()
#9 /var/www/html/framework/base/CApplication.php(185): CWebApplication->processRequest()
#10 /var/www/html/testdrive/index.php(13): CWebApplication->run()
REQUEST_URI=/testdrive/index.php/api/posts
in /var/www/html/testdrive/protected/controllers/ApiController.php (16)
in /var/www/html/testdrive/index.php (13)
2024/08/20 09:20:42 [error] [php] include(Post.php): failed to open stream: No such file or directory (/var/www/html/framework/YiiBase.php:463)
Stack trace:
#0 /var/www/html/framework/YiiBase.php(463): include()
#1 unknown(0): autoload()
#2 /var/www/html/testdrive/protected/controllers/ApiController.php(16): spl_autoload_call()
#3 /var/www/html/framework/web/actions/CInlineAction.php(49): ApiController->actionGetPosts()
#4 /var/www/html/framework/web/CController.php(308): CInlineAction->runWithParams()
#5 /var/www/html/framework/web/CController.php(286): ApiController->runAction()
#6 /var/www/html/framework/web/CController.php(265): ApiController->runActionWithFilters()
#7 /var/www/html/framework/web/CWebApplication.php(282): ApiController->run()
#8 /var/www/html/framework/web/CWebApplication.php(141): CWebApplication->runController()
#9 /var/www/html/framework/base/CApplication.php(185): CWebApplication->processRequest()
#10 /var/www/html/testdrive/index.php(13): CWebApplication->run()
REQUEST_URI=/testdrive/index.php/api/getPosts
in /var/www/html/testdrive/protected/controllers/ApiController.php (16)
in /var/www/html/testdrive/index.php (13)
